[36mtis-analyzer -tis-config-load trustinsoft/tis.json -tis-report -tis-config-select-by-name 3.generalized-small-array(B[m
[kernel] Loading configuration file trustinsoft/tis.json (analysis "3.generalized-small-array")
[kernel] Configuration successfully loaded.
[kernel] [1/6] Parsing TIS_KERNEL_SHARE/libc/__fc_builtin_for_normalization.i (no preprocessing)
[kernel] [2/6] Parsing TIS_KERNEL_SHARE/libc/tis_runtime.c (with preprocessing)
[kernel] [3/6] Parsing TIS_KERNEL_SHARE/__tis_mkfs.c (with preprocessing)
[kernel] [4/6] Parsing TIS_KERNEL_SHARE/mkfs_empty_filesystem.c (with preprocessing)
[kernel] [5/6] Parsing increment.c (with preprocessing)
[kernel] [6/6] Parsing test_driver.c (with preprocessing)
[kernel] Successfully parsed 2 files (+4 runtime files)
[value] Analyzing a complete application starting at test_generalized_small_array
[value] Computing initial state
[value] Initial state computed
[value] The Analysis can be stopped by hitting Ctrl-C
[value] using specification for function tis_make_unknown
increment.c:27:[kernel] warning: signed overflow. assert *p+1 ≤ 2147483647;
                  stack: increment_array :: test_driver.c:96 <- test_generalized_small_array
increment.c:27:[kernel] warning: out of bounds write. assert \valid(p);
                  stack: increment_array :: test_driver.c:96 <- test_generalized_small_array
increment.c:27:[kernel] warning: all target addresses were invalid. This path is assumed to be dead.
                  stack: increment_array :: test_driver.c:96 <- test_generalized_small_array
[from] Non-terminating function increment_array (no dependencies)
[from] Non-terminating function test_generalized_small_array (no dependencies)
[value] Done for function test_generalized_small_array
[info] Saved files information in '_results/3.generalized-small-array_files.csv'
[info] Saved function information in '_results/3.generalized-small-array_functions.csv'
[info] Saved variable information in '_results/3.generalized-small-array_variables.csv'
[info] Saved shared variable information in '_results/3.generalized-small-array_shared_variables.csv'
[info] Saved type information in '_results/3.generalized-small-array_types.csv'
[info] Saved statement information in '_results/3.generalized-small-array_statements.csv'
[info] Saved property information in '_results/3.generalized-small-array_properties.csv'
[info] Saved decision information in '_results/3.generalized-small-array_decisions.csv'
[info] Saved dead block information in '_results/3.generalized-small-array_dead_blocks.csv'
[info] Saved JSON results in '_results/3.generalized-small-array_results.json'
[time] Performance summary:
  Parsing: 2.223s
  Value Analysis: 0.068s
  
  Total time: 0h00m02s (= 2.290 seconds)
  Max memory used: 140.3MB (= 140304384 bytes)
===============================================
       1 UNDEFINED BEHAVIORS FOUND
===============================================
Compiling report from 3 past executed tests

Check generated test report [36mtis_report.html(B[m

