[36mtis-analyzer -tis-config-load trustinsoft/tis.json -tis-report -tis-config-select-by-name 1.2.large-array(B[m
[kernel] Loading configuration file trustinsoft/tis.json (analysis "1.2.large-array")
[kernel] Configuration successfully loaded.
[kernel] [1/7] Parsing TIS_KERNEL_SHARE/libc/__fc_builtin_for_normalization.i (no preprocessing)
[kernel] [2/7] Parsing TIS_KERNEL_SHARE/libc/tis_runtime.c (with preprocessing)
[kernel] [3/7] Parsing TIS_KERNEL_SHARE/__tis_mkfs.c (with preprocessing)
[kernel] [4/7] Parsing TIS_KERNEL_SHARE/mkfs_empty_filesystem.c (with preprocessing)
[kernel] [5/7] Parsing increment.c (with preprocessing)
[kernel] [6/7] Parsing test_driver.c (with preprocessing)
[kernel] [7/7] Parsing utils.c (with preprocessing)
[kernel] Successfully parsed 3 files (+4 runtime files)
[value] Analyzing a complete application starting at test_large_array
[value] Computing initial state
[value] Initial state computed
[value] The Analysis can be stopped by hitting Ctrl-C

...
[snip]
...


[0;32mPASSED[0m: increment_array({5757, -17514, 5626, 7418, -4086, ..., 26977, 13281, -14036, -8329}) = {5758, -17513, 5627, 7419, -4085, ..., 26978, 13282, -14035, -8328}

[value] Done for function test_large_array
[scope:rm_asserts] removing 1 assertion(s)
[info] Saved files information in '_results/1.2.large-array_files.csv'
[info] Saved function information in '_results/1.2.large-array_functions.csv'
[info] Saved variable information in '_results/1.2.large-array_variables.csv'
[info] Saved shared variable information in '_results/1.2.large-array_shared_variables.csv'
[info] Saved type information in '_results/1.2.large-array_types.csv'
[info] Saved statement information in '_results/1.2.large-array_statements.csv'
[info] Saved property information in '_results/1.2.large-array_properties.csv'
[info] Saved decision information in '_results/1.2.large-array_decisions.csv'
[info] Saved dead block information in '_results/1.2.large-array_dead_blocks.csv'
[info] Saved JSON results in '_results/1.2.large-array_results.json'
[time] Performance summary:
  Parsing: 2.224s
  Value Analysis: 2.872s
  
  Total time: 0h00m05s (= 5.096 seconds)
  Max memory used: 408.7MB (= 408739840 bytes)
[36mtis-analyzer -tis-config-load trustinsoft/tis.json -tis-report -tis-config-select-by-name 1.3.zero-length-array(B[m
[kernel] Loading configuration file trustinsoft/tis.json (analysis "1.3.zero-length-array")
[kernel] Configuration successfully loaded.
[kernel] [1/7] Parsing TIS_KERNEL_SHARE/libc/__fc_builtin_for_normalization.i (no preprocessing)
[kernel] [2/7] Parsing TIS_KERNEL_SHARE/libc/tis_runtime.c (with preprocessing)
[kernel] [3/7] Parsing TIS_KERNEL_SHARE/__tis_mkfs.c (with preprocessing)
[kernel] [4/7] Parsing TIS_KERNEL_SHARE/mkfs_empty_filesystem.c (with preprocessing)
[kernel] [5/7] Parsing increment.c (with preprocessing)
[kernel] [6/7] Parsing test_driver.c (with preprocessing)
[kernel] [7/7] Parsing utils.c (with preprocessing)
[kernel] Successfully parsed 3 files (+4 runtime files)
[value] Analyzing a complete application starting at test_zero_length
[value] Computing initial state
[value] Initial state computed
[value] The Analysis can be stopped by hitting Ctrl-C

[0;32mPASSED[0m: increment_array({}) = {}

[value] Done for function test_zero_length
[scope:rm_asserts] removing 1 assertion(s)
[info] Saved files information in '_results/1.3.zero-length-array_files.csv'
[info] Saved function information in '_results/1.3.zero-length-array_functions.csv'
[info] Saved variable information in '_results/1.3.zero-length-array_variables.csv'
[info] Saved shared variable information in '_results/1.3.zero-length-array_shared_variables.csv'
[info] Saved type information in '_results/1.3.zero-length-array_types.csv'
[info] Saved statement information in '_results/1.3.zero-length-array_statements.csv'
[info] Saved property information in '_results/1.3.zero-length-array_properties.csv'
[info] Saved decision information in '_results/1.3.zero-length-array_decisions.csv'
[info] Saved dead block information in '_results/1.3.zero-length-array_dead_blocks.csv'
[info] Saved JSON results in '_results/1.3.zero-length-array_results.json'
[time] Performance summary:
  Parsing: 2.096s
  Value Analysis: 0.037s
  
  Total time: 0h00m02s (= 2.132 seconds)
  Max memory used: 140.3MB (= 140304384 bytes)
[36mtis-analyzer -tis-config-load trustinsoft/tis.json -tis-report -tis-config-select-by-name 1.4.null-array(B[m
[kernel] Loading configuration file trustinsoft/tis.json (analysis "1.4.null-array")
[kernel] Configuration successfully loaded.
[kernel] [1/7] Parsing TIS_KERNEL_SHARE/libc/__fc_builtin_for_normalization.i (no preprocessing)
[kernel] [2/7] Parsing TIS_KERNEL_SHARE/libc/tis_runtime.c (with preprocessing)
[kernel] [3/7] Parsing TIS_KERNEL_SHARE/__tis_mkfs.c (with preprocessing)
[kernel] [4/7] Parsing TIS_KERNEL_SHARE/mkfs_empty_filesystem.c (with preprocessing)
[kernel] [5/7] Parsing increment.c (with preprocessing)
[kernel] [6/7] Parsing test_driver.c (with preprocessing)
[kernel] [7/7] Parsing utils.c (with preprocessing)
[kernel] Successfully parsed 3 files (+4 runtime files)
[value] Analyzing a complete application starting at test_null
[value] Computing initial state
[value] Initial state computed
[value] The Analysis can be stopped by hitting Ctrl-C

[0;32mPASSED[0m: increment_array(NULL) = NULL

[value] Done for function test_null
[scope:rm_asserts] removing 1 assertion(s)
[info] Saved files information in '_results/1.4.null-array_files.csv'
[info] Saved function information in '_results/1.4.null-array_functions.csv'
[info] Saved variable information in '_results/1.4.null-array_variables.csv'
[info] Saved shared variable information in '_results/1.4.null-array_shared_variables.csv'
[info] Saved type information in '_results/1.4.null-array_types.csv'
[info] Saved statement information in '_results/1.4.null-array_statements.csv'
[info] Saved property information in '_results/1.4.null-array_properties.csv'
[info] Saved decision information in '_results/1.4.null-array_decisions.csv'
[info] Saved dead block information in '_results/1.4.null-array_dead_blocks.csv'
[info] Saved JSON results in '_results/1.4.null-array_results.json'
[time] Performance summary:
  Parsing: 2.205s
  Value Analysis: 0.036s
  
  Total time: 0h00m02s (= 2.241 seconds)
  Max memory used: 140.3MB (= 140304384 bytes)
[36mtis-analyzer -tis-config-load trustinsoft/tis.json -tis-report -tis-config-select-by-name 1.1.small-array(B[m
[kernel] Loading configuration file trustinsoft/tis.json (analysis "1.1.small-array")
[kernel] Configuration successfully loaded.
[kernel] [1/7] Parsing TIS_KERNEL_SHARE/libc/__fc_builtin_for_normalization.i (no preprocessing)
[kernel] [2/7] Parsing TIS_KERNEL_SHARE/libc/tis_runtime.c (with preprocessing)
[kernel] [3/7] Parsing TIS_KERNEL_SHARE/__tis_mkfs.c (with preprocessing)
[kernel] [4/7] Parsing TIS_KERNEL_SHARE/mkfs_empty_filesystem.c (with preprocessing)
[kernel] [5/7] Parsing increment.c (with preprocessing)
[kernel] [6/7] Parsing test_driver.c (with preprocessing)
[kernel] [7/7] Parsing utils.c (with preprocessing)
[kernel] Successfully parsed 3 files (+4 runtime files)
[value] Analyzing a complete application starting at test_small_array
[value] Computing initial state
[value] Initial state computed
[value] The Analysis can be stopped by hitting Ctrl-C

[0;32mPASSED[0m: increment_array({1, 3, 5, 7, 11, 13, 17}) = {2, 4, 6, 8, 12, 14, 18}

[value] Done for function test_small_array
[scope:rm_asserts] removing 1 assertion(s)
[info] Saved files information in '_results/1.1.small-array_files.csv'
[info] Saved function information in '_results/1.1.small-array_functions.csv'
[info] Saved variable information in '_results/1.1.small-array_variables.csv'
[info] Saved shared variable information in '_results/1.1.small-array_shared_variables.csv'
[info] Saved type information in '_results/1.1.small-array_types.csv'
[info] Saved statement information in '_results/1.1.small-array_statements.csv'
[info] Saved property information in '_results/1.1.small-array_properties.csv'
[info] Saved decision information in '_results/1.1.small-array_decisions.csv'
[info] Saved dead block information in '_results/1.1.small-array_dead_blocks.csv'
[info] Saved JSON results in '_results/1.1.small-array_results.json'
[time] Performance summary:
  Parsing: 2.133s
  Value Analysis: 0.055s
  
  Total time: 0h00m02s (= 2.188 seconds)
  Max memory used: 140.3MB (= 140304384 bytes)
===============================================
       0 UNDEFINED BEHAVIORS FOUND
===============================================
Compiling report from 4 past executed tests

Check generated test report [36mtis_report.html(B[m

