-->  tis-analyzer -tis-config-load trustinsoft/tis.json -tis-config-select 6 -tis-report
[kernel] Loading configuration file trustinsoft/tis.json (analysis #6)
[kernel] Configuration successfully loaded.
[kernel] [1/8] Parsing TIS_KERNEL_SHARE/libc/__fc_builtin_for_normalization.i (no preprocessing)
[kernel] [2/8] Parsing TIS_KERNEL_SHARE/libc/tis_runtime.c (with preprocessing)
[kernel] [3/8] Parsing TIS_KERNEL_SHARE/libcxx/runtime/libcxx_runtime.cpp (external front-end)
[kernel] [4/8] Parsing TIS_KERNEL_SHARE/libcxx/runtime/__dynamic_cast.c (with preprocessing)
[kernel] [5/8] Parsing TIS_KERNEL_SHARE/__tis_mkfs.c (with preprocessing)
[kernel] [6/8] Parsing TIS_KERNEL_SHARE/mkfs_empty_filesystem.c (with preprocessing)
[kernel] [7/8] Parsing increment.cpp (external front-end)
[kernel] [8/8] Parsing test_driver.cpp (external front-end)
[kernel] Successfully parsed 2 files (+6 runtime files)
[value] Analyzing a complete application starting at test_generalized_array
[value] Computing initial state
[value] Initial state computed
[value] The Analysis can be stopped by hitting Ctrl-C
TIS_KERNEL_SHARE/libcxx/string:1578:[value] entering loop for the first time
[value] using specification for function tis_interval
[value] Semantic level unrolling superposing up to 100 states
[value] Semantic level unrolling superposing up to 200 states
[value] Semantic level unrolling superposing up to 300 states
[value] Semantic level unrolling superposing up to 400 states
[value] Semantic level unrolling superposing up to 500 states
[value] Semantic level unrolling superposing up to 600 states
[value] Semantic level unrolling superposing up to 700 states
[value] Semantic level unrolling superposing up to 800 states
[value] Semantic level unrolling superposing up to 900 states
[value] Semantic level unrolling superposing up to 1000 states
increment.hpp:101:[kernel] warning: signed overflow. assert value+1 ≤ 2147483647;
                  stack: IncrementableArray<int>::increment :: test_driver.cpp:86 <-
                         test_generalized_array
[value] Done for function test_generalized_array
[info] Saved files information in '.trustinsoft/results/2.generalized-array_files.csv'
[info] Saved function information in './trustinsoft/results/2.generalized-array_functions.csv'
[info] Saved variable information in './trustinsoft/results/2.generalized-array_variables.csv'
[info] Saved shared variable information in './trustinsoft/results/2.generalized-array_shared_variables.csv'
[info] Saved type information in './trustinsoft/results/2.generalized-array_types.csv'
[info] Saved statement information in './trustinsoft/results/2.generalized-array_statements.csv'
[info] Saved property information in './trustinsoft/results/2.generalized-array_properties.csv'
[info] Saved decision information in './trustinsoft/results/2.generalized-array_decisions.csv'
[info] Saved dead block information in './trustinsoft/results/2.generalized-array_dead_blocks.csv'
[info] Saved JSON results in '.trustinsoft/results/2.generalized-array_results.json'
[time] Performance summary:
  Parsing: 10.268s
  Value Analysis: 8.062s
  
  Total time: 0h00m18s (= 18.331 seconds)
  Max memory used: 724.2MB (= 724213760 bytes)
